<?xml version="1.0" encoding="UTF-8"?>
<testng-results skipped="0" failed="0" ignored="0" total="2" passed="2">
  <reporter-output>
  </reporter-output>
  <suite name="Default suite" duration-ms="112044" started-at="2019-07-30T17:36:42Z" finished-at="2019-07-30T17:38:34Z">
    <groups>
    </groups>
    <test name="Default test" duration-ms="112044" started-at="2019-07-30T17:36:42Z" finished-at="2019-07-30T17:38:34Z">
      <class name="com.learnautomation.testCases.LoginTestFB">
        <test-method status="PASS" signature="setUpSuite()[pri:0, instance:com.learnautomation.testCases.LoginTestFB@6093dd95]" name="setUpSuite" is-config="true" duration-ms="802" started-at="2019-07-30T17:36:41Z" finished-at="2019-07-30T17:36:42Z">
          <reporter-output>
          </reporter-output>
        </test-method> <!-- setUpSuite -->
        <test-method status="PASS" signature="setUp()[pri:0, instance:com.learnautomation.testCases.LoginTestFB@6093dd95]" name="setUp" is-config="true" duration-ms="18854" started-at="2019-07-30T17:36:42Z" finished-at="2019-07-30T17:37:01Z">
          <reporter-output>
          </reporter-output>
        </test-method> <!-- setUp -->
        <test-method status="PASS" signature="loginApp()[pri:1, instance:com.learnautomation.testCases.LoginTestFB@6093dd95]" name="loginApp" duration-ms="89665" started-at="2019-07-30T17:37:01Z" finished-at="2019-07-30T17:38:30Z">
          <reporter-output>
          </reporter-output>
        </test-method> <!-- loginApp -->
        <test-method status="PASS" signature="tearDownMethod(org.testng.ITestResult)[pri:0, instance:com.learnautomation.testCases.LoginTestFB@6093dd95]" name="tearDownMethod" is-config="true" duration-ms="1743" started-at="2019-07-30T17:38:30Z" finished-at="2019-07-30T17:38:32Z">
          <params>
            <param index="0">
              <value>
                <![CDATA[[TestResult name=loginApp status=SUCCESS method=LoginTestFB.loginApp()[pri:1, instance:com.learnautomation.testCases.LoginTestFB@6093dd95] output={null}]]]>
              </value>
            </param>
          </params>
          <reporter-output>
          </reporter-output>
        </test-method> <!-- tearDownMethod -->
        <test-method status="PASS" signature="logoutApp()[pri:2, instance:com.learnautomation.testCases.LoginTestFB@6093dd95]" name="logoutApp" duration-ms="3" started-at="2019-07-30T17:38:32Z" finished-at="2019-07-30T17:38:32Z">
          <reporter-output>
          </reporter-output>
        </test-method> <!-- logoutApp -->
        <test-method status="PASS" signature="tearDownMethod(org.testng.ITestResult)[pri:0, instance:com.learnautomation.testCases.LoginTestFB@6093dd95]" name="tearDownMethod" is-config="true" duration-ms="628" started-at="2019-07-30T17:38:32Z" finished-at="2019-07-30T17:38:33Z">
          <params>
            <param index="0">
              <value>
                <![CDATA[[TestResult name=logoutApp status=SUCCESS method=LoginTestFB.logoutApp()[pri:2, instance:com.learnautomation.testCases.LoginTestFB@6093dd95] output={null}]]]>
              </value>
            </param>
          </params>
          <reporter-output>
          </reporter-output>
        </test-method> <!-- tearDownMethod -->
        <test-method status="PASS" signature="tearDown()[pri:0, instance:com.learnautomation.testCases.LoginTestFB@6093dd95]" name="tearDown" is-config="true" duration-ms="1107" started-at="2019-07-30T17:38:33Z" finished-at="2019-07-30T17:38:34Z">
          <reporter-output>
          </reporter-output>
        </test-method> <!-- tearDown -->
      </class> <!-- com.learnautomation.testCases.LoginTestFB -->
    </test> <!-- Default test -->
  </suite> <!-- Default suite -->
</testng-results>
