<?xml version="1.0" encoding="UTF-8"?>
<!-- Generated by org.testng.reporters.JUnitXMLReporter -->
<testsuite hostname="DESKTOP-534BRGJ" ignored="0" name="Default test(failed)" tests="1" failures="1" timestamp="22 Nov 2019 20:36:18 GMT" time="41.668" errors="0">
  <testcase name="login" time="11.655" classname="com.learnautomation.testCases.LoginTest">
    <failure type="java.lang.AssertionError" message="expected [true] but found [false]">
      <![CDATA[java.lang.AssertionError: expected [true] but found [false]
at com.learnautomation.testCases.LoginTest.login(LoginTest.java:19)
... Removed 29 stack frames]]>
    </failure>
  </testcase> <!-- login -->
</testsuite> <!-- Default test(failed) -->
